2025-10-21 07:57:00 | DEBUG | repo=a4m36jee-2014 | action=edit | files=2
2025-02-18 08:26:00 | DEBUG | repo=a4m36jee-2014 | action=pull
2025-12-03 21:01:00 | INFO | repo=a4m36jee-2014 | action=commit
2025-04-22 20:45:00 | DEBUG | repo=a4m36jee-2014 | action=commit
2025-08-22 09:47:00 | INFO | repo=a4m36jee-2014 | action=edit | files=3
2025-05-10 11:50:00 | WARN | repo=a4m36jee-2014 | action=commit
2025-09-01 21:08:00 | DEBUG | repo=a4m36jee-2014 | action=commit
2025-07-05 09:11:00 | WARN | repo=a4m36jee-2014 | action=commit
2025-07-22 12:24:00 | DEBUG | repo=a4m36jee-2014 | action=commit
2025-03-24 19:42:00 | DEBUG | repo=a4m36jee-2014 | action=pull
2025-09-11 21:46:00 | DEBUG | repo=a4m36jee-2014 | action=commit
2025-06-17 08:11:00 | DEBUG | repo=a4m36jee-2014 | action=commit
2025-06-18 19:19:00 | INFO | repo=a4m36jee-2014 | action=commit
2025-12-02 08:32:00 | INFO | repo=a4m36jee-2014 | action=commit
2025-09-14 07:13:00 | INFO | repo=a4m36jee-2014 | action=pull
2025-10-02 10:40:00 | DEBUG | repo=a4m36jee-2014 | action=commit
2025-09-17 21:34:00 | INFO | repo=a4m36jee-2014 | action=pull
2025-01-03 12:37:00 | DEBUG | repo=a4m36jee-2014 | action=test | passed=true
2025-01-11 17:22:00 | INFO | repo=a4m36jee-2014 | action=commit
2025-05-22 17:07:00 | WARN | repo=a4m36jee-2014 | action=test | passed=true
2025-05-01 21:15:00 | DEBUG | repo=a4m36jee-2014 | action=edit | files=3
2025-10-11 08:21:00 | DEBUG | repo=a4m36jee-2014 | action=pull
2025-10-15 07:46:00 | DEBUG | repo=a4m36jee-2014 | action=commit
2025-09-11 18:57:00 | DEBUG | repo=a4m36jee-2014 | action=commit
2025-07-21 20:10:00 | DEBUG | repo=a4m36jee-2014 | action=commit
2025-05-14 16:16:00 | INFO | repo=a4m36jee-2014 | action=commit
2025-10-08 12:46:00 | INFO | repo=a4m36jee-2014 | action=commit
2025-08-25 12:14:00 | DEBUG | repo=a4m36jee-2014 | action=commit
2025-01-23 15:06:00 | WARN | repo=a4m36jee-2014 | action=pull
2025-10-23 11:42:00 | DEBUG | repo=a4m36jee-2014 | action=commit
2025-05-02 09:51:00 | INFO | repo=a4m36jee-2014 | action=commit
2025-04-02 08:08:00 | DEBUG | repo=a4m36jee-2014 | action=commit
2025-03-13 18:02:00 | WARN | repo=a4m36jee-2014 | action=pull
2025-04-24 12:37:00 | DEBUG | repo=a4m36jee-2014 | action=commit
2025-01-15 08:53:00 | WARN | repo=a4m36jee-2014 | action=commit
2025-08-05 08:17:00 | WARN | repo=a4m36jee-2014 | action=pull
2025-02-22 11:38:00 | WARN | repo=a4m36jee-2014 | action=commit
2025-04-28 16:18:00 | INFO | repo=a4m36jee-2014 | action=edit | files=1
2025-03-09 07:26:00 | DEBUG | repo=a4m36jee-2014 | action=commit
2025-06-27 21:25:00 | WARN | repo=a4m36jee-2014 | action=test | passed=true
2025-06-18 20:57:00 | INFO | repo=a4m36jee-2014 | action=commit
2025-11-15 18:20:00 | INFO | repo=a4m36jee-2014 | action=pull
2025-04-01 19:39:00 | INFO | repo=a4m36jee-2014 | action=commit
2025-01-27 14:29:00 | DEBUG | repo=a4m36jee-2014 | action=commit
2025-04-26 18:21:00 | DEBUG | repo=a4m36jee-2014 | action=commit
2025-12-21 07:04:00 | INFO | repo=a4m36jee-2014 | action=commit
2025-10-01 09:07:00 | WARN | repo=a4m36jee-2014 | action=commit
2025-12-18 13:13:00 | WARN | repo=a4m36jee-2014 | action=commit
2025-03-09 10:28:00 | INFO | repo=a4m36jee-2014 | action=commit
2025-04-01 07:48:00 | WARN | repo=a4m36jee-2014 | action=commit
2025-01-13 11:05:00 | INFO | repo=a4m36jee-2014 | action=commit
2025-05-13 11:17:00 | DEBUG | repo=a4m36jee-2014 | action=commit
2025-10-16 14:26:00 | WARN | repo=a4m36jee-2014 | action=test | passed=true
2025-05-26 08:51:00 | INFO | repo=a4m36jee-2014 | action=commit
